<?xml version="1.0" encoding="UTF-8"?>
<!-- Generated by org.testng.reporters.JUnitXMLReporter -->
<testsuite ignored="0" hostname="DESKTOP-FVL7V1F" failures="1" tests="1" name="Admin Login with invalid Data" time="1.261" errors="0" timestamp="2023-07-10T15:47:38 IST">
  <testcase classname="OrangeHRM_TestCase.AdminLoginTest_WithInvalidData" name="CheckadminLogin" time="1.254">
    <failure type="java.lang.AssertionError" message="expected [true] but found [false]">
      <![CDATA[java.lang.AssertionError: expected [true] but found [false]
at OrangeHRM_TestCase.AdminLoginTest_WithInvalidData.CheckadminLogin(AdminLoginTest_WithInvalidData.java:39)
at java.base/java.util.ArrayList.forEach(ArrayList.java:1511)
... Removed 31 stack frames]]>
    </failure>
  </testcase> <!-- CheckadminLogin -->
</testsuite> <!-- Admin Login with invalid Data -->
